g:\documents\github\schoolidolfestival_modoki\schoolidolfestival_modoki\debug\vc120.pdb
g:\documents\github\schoolidolfestival_modoki\schoolidolfestival_modoki\debug\vc120.idb
g:\documents\github\schoolidolfestival_modoki\schoolidolfestival_modoki\debug\main.obj
g:\documents\github\schoolidolfestival_modoki\debug\schoolidolfestival_modoki.pdb
g:\documents\github\schoolidolfestival_modoki\schoolidolfestival_modoki\debug\schoolid.91872d71.tlog\cl.command.1.tlog
g:\documents\github\schoolidolfestival_modoki\schoolidolfestival_modoki\debug\schoolid.91872d71.tlog\cl.read.1.tlog
g:\documents\github\schoolidolfestival_modoki\schoolidolfestival_modoki\debug\schoolid.91872d71.tlog\cl.write.1.tlog
g:\documents\github\schoolidolfestival_modoki\schoolidolfestival_modoki\debug\schoolid.91872d71.tlog\link-cvtres.read.1.tlog
g:\documents\github\schoolidolfestival_modoki\schoolidolfestival_modoki\debug\schoolid.91872d71.tlog\link-cvtres.write.1.tlog
g:\documents\github\schoolidolfestival_modoki\schoolidolfestival_modoki\debug\schoolid.91872d71.tlog\link-rc.read.1.tlog
g:\documents\github\schoolidolfestival_modoki\schoolidolfestival_modoki\debug\schoolid.91872d71.tlog\link-rc.write.1.tlog
g:\documents\github\schoolidolfestival_modoki\schoolidolfestival_modoki\debug\schoolid.91872d71.tlog\link.17456-cvtres.read.1.tlog
g:\documents\github\schoolidolfestival_modoki\schoolidolfestival_modoki\debug\schoolid.91872d71.tlog\link.17456-cvtres.write.1.tlog
g:\documents\github\schoolidolfestival_modoki\schoolidolfestival_modoki\debug\schoolid.91872d71.tlog\link.17456-rc.read.1.tlog
g:\documents\github\schoolidolfestival_modoki\schoolidolfestival_modoki\debug\schoolid.91872d71.tlog\link.17456-rc.write.1.tlog
g:\documents\github\schoolidolfestival_modoki\schoolidolfestival_modoki\debug\schoolid.91872d71.tlog\link.17456.read.1.tlog
g:\documents\github\schoolidolfestival_modoki\schoolidolfestival_modoki\debug\schoolid.91872d71.tlog\link.17456.write.1.tlog
g:\documents\github\schoolidolfestival_modoki\schoolidolfestival_modoki\debug\schoolid.91872d71.tlog\link.command.1.tlog
g:\documents\github\schoolidolfestival_modoki\schoolidolfestival_modoki\debug\schoolid.91872d71.tlog\link.read.1.tlog
g:\documents\github\schoolidolfestival_modoki\schoolidolfestival_modoki\debug\schoolid.91872d71.tlog\link.write.1.tlog
