  Main.cpp
g:\documents\github\schoolidolfestival_modoki\schoolidolfestival_modoki\main.cpp(239): warning C4244: '=' : 'int' から 'float' への変換です。データが失われる可能性があります。
g:\documents\github\schoolidolfestival_modoki\schoolidolfestival_modoki\main.cpp(252): warning C4244: '引数' : 'float' から 'int' への変換です。データが失われる可能性があります。
g:\documents\github\schoolidolfestival_modoki\schoolidolfestival_modoki\main.cpp(252): warning C4244: '=' : 'float' から 'int' への変換です。データが失われる可能性があります。
g:\documents\github\schoolidolfestival_modoki\schoolidolfestival_modoki\main.cpp(148): warning C4101: 'MoveX' : ローカル変数は 1 度も使われていません。
g:\documents\github\schoolidolfestival_modoki\schoolidolfestival_modoki\main.cpp(148): warning C4101: 'MemY' : ローカル変数は 1 度も使われていません。
g:\documents\github\schoolidolfestival_modoki\schoolidolfestival_modoki\main.cpp(145): warning C4101: 'k' : ローカル変数は 1 度も使われていません。
g:\documents\github\schoolidolfestival_modoki\schoolidolfestival_modoki\main.cpp(148): warning C4101: 'MoveY' : ローカル変数は 1 度も使われていません。
g:\documents\github\schoolidolfestival_modoki\schoolidolfestival_modoki\main.cpp(145): warning C4101: 'j' : ローカル変数は 1 度も使われていません。
g:\documents\github\schoolidolfestival_modoki\schoolidolfestival_modoki\main.cpp(480): warning C4244: 'return' : 'double' から 'int' への変換です。データが失われる可能性があります。
g:\documents\github\schoolidolfestival_modoki\schoolidolfestival_modoki\main.cpp(508): warning C4305: '*=' : 'double' から 'float' へ切り詰めます。
g:\documents\github\schoolidolfestival_modoki\schoolidolfestival_modoki\main.cpp(511): warning C4305: '*=' : 'double' から 'float' へ切り詰めます。
g:\documents\github\schoolidolfestival_modoki\schoolidolfestival_modoki\main.cpp(514): warning C4305: '*=' : 'double' から 'float' へ切り詰めます。
g:\documents\github\schoolidolfestival_modoki\schoolidolfestival_modoki\main.cpp(522): warning C4305: '*=' : 'double' から 'float' へ切り詰めます。
g:\documents\github\schoolidolfestival_modoki\schoolidolfestival_modoki\main.cpp(523): warning C4305: '*=' : 'double' から 'float' へ切り詰めます。
g:\documents\github\schoolidolfestival_modoki\schoolidolfestival_modoki\main.cpp(524): warning C4305: '*=' : 'double' から 'float' へ切り詰めます。
g:\documents\github\schoolidolfestival_modoki\schoolidolfestival_modoki\main.cpp(526): warning C4305: '*=' : 'double' から 'float' へ切り詰めます。
g:\documents\github\schoolidolfestival_modoki\schoolidolfestival_modoki\main.cpp(527): warning C4305: '*=' : 'double' から 'float' へ切り詰めます。
g:\documents\github\schoolidolfestival_modoki\schoolidolfestival_modoki\main.cpp(529): warning C4244: 'return' : 'float' から 'int' への変換です。データが失われる可能性があります。
g:\documents\github\schoolidolfestival_modoki\schoolidolfestival_modoki\main.cpp(533): warning C4101: 'fullnotes' : ローカル変数は 1 度も使われていません。
g:\documents\github\schoolidolfestival_modoki\schoolidolfestival_modoki\main.cpp(533): warning C4101: 'times' : ローカル変数は 1 度も使われていません。
g:\documents\github\schoolidolfestival_modoki\schoolidolfestival_modoki\main.cpp(665): warning C4101: 'Y' : ローカル変数は 1 度も使われていません。
g:\documents\github\schoolidolfestival_modoki\schoolidolfestival_modoki\main.cpp(665): warning C4101: 'X' : ローカル変数は 1 度も使われていません。
g:\documents\github\schoolidolfestival_modoki\schoolidolfestival_modoki\main.cpp(664): warning C4101: 'j' : ローカル変数は 1 度も使われていません。
g:\documents\github\schoolidolfestival_modoki\schoolidolfestival_modoki\main.cpp(785): warning C4552: '+' : 演算子にプログラム上の作用がありません。作用を伴う演算子を使用してください
g:\documents\github\schoolidolfestival_modoki\schoolidolfestival_modoki\main.cpp(788): warning C4552: '+' : 演算子にプログラム上の作用がありません。作用を伴う演算子を使用してください
g:\documents\github\schoolidolfestival_modoki\schoolidolfestival_modoki\main.cpp(756): warning C4101: 'j' : ローカル変数は 1 度も使われていません。
g:\documents\github\schoolidolfestival_modoki\schoolidolfestival_modoki\main.cpp(497): warning C4715: 'NoteHit' : 値を返さないコントロール パスがあります。
  SchoolIdolFestival_MoDoKi.vcxproj -> G:\Documents\GitHub\SchoolIdolFestival_MoDoKi\Debug\SchoolIdolFestival_MoDoKi.exe
